\BOOKMARK [0][]{chapter*.1}{\376\377\144\130\211\201}{}% 1
\BOOKMARK [0][]{ustctoc.0}{\376\377\166\356\137\125}{}% 2
\BOOKMARK [0][]{chapter.1}{\376\377\173\054\0001\172\340\000\040\000\040\173\200\116\313}{}% 3
\BOOKMARK [1][-]{section.1.1}{\376\377\0001\000.\0001\000\040\166\356\166\204}{chapter.1}% 4
\BOOKMARK [1][-]{section.1.2}{\376\377\0001\000.\0002\000\040\203\003\126\364}{chapter.1}% 5
\BOOKMARK [0][]{chapter.2}{\376\377\173\054\0002\172\340\000\040\000\040\140\073\117\123\151\202\217\360}{}% 6
\BOOKMARK [1][-]{section.2.1}{\376\377\0002\000.\0001\000\040\217\157\116\366\151\202\217\360}{chapter.2}% 7
\BOOKMARK [2][-]{subsection.2.1.1}{\376\377\0002\000.\0001\000.\0001\000\040\230\171\166\356\116\313\176\315}{section.2.1}% 8
\BOOKMARK [2][-]{subsection.2.1.2}{\376\377\0002\000.\0001\000.\0002\000\040\116\247\124\301\163\257\130\203\116\313\176\315}{section.2.1}% 9
\BOOKMARK [1][-]{section.2.2}{\376\377\0002\000.\0002\000\040\217\157\116\366\122\237\200\375}{chapter.2}% 10
\BOOKMARK [1][-]{section.2.3}{\376\377\0002\000.\0003\000\040\165\050\142\067\162\171\137\201}{chapter.2}% 11
\BOOKMARK [1][-]{section.2.4}{\376\377\0002\000.\0004\000\040\120\107\213\276\124\214\117\235\215\126\121\163\174\373}{chapter.2}% 12
\BOOKMARK [0][]{chapter.3}{\376\377\173\054\0003\172\340\000\040\000\040\121\167\117\123\227\000\154\102}{}% 13
\BOOKMARK [1][-]{subsection.3.0.1}{\376\377\0003\000.\0000\000.\0001\000\040\000x\000x\000x\0001\000.\0001\000\040\117\134\116\032\000/\133\236\232\214\147\345\213\342}{chapter.3}% 14
\BOOKMARK [2][-]{subsection.3.0.2}{\376\377\0003\000.\0000\000.\0002\000\040\000x\000x\000x\0001\000.\0002\000\040\117\134\116\032\000/\133\236\232\214\000/\220\032\167\345\123\321\136\003}{subsection.3.0.1}% 15
\BOOKMARK [2][-]{subsection.3.0.3}{\376\377\0003\000.\0000\000.\0003\000\040\000x\000x\000x\000.\0003\000\040\117\134\116\032\000/\133\236\232\214\000/\220\032\167\345\117\356\145\071\122\040\226\144}{subsection.3.0.1}% 16
\BOOKMARK [2][-]{subsection.3.0.4}{\376\377\0003\000.\0000\000.\0004\000\040\000x\000x\000x\000.\0004\000\040\117\134\116\032\000/\133\236\232\214\000/\220\032\167\345\143\320\116\244}{subsection.3.0.1}% 17
\BOOKMARK [2][-]{subsection.3.0.5}{\376\377\0003\000.\0000\000.\0005\000\040\000x\000x\000x\000.\0005\000\040\117\134\116\032\000/\133\236\232\214\147\345\167\013\116\016\142\171\145\071}{subsection.3.0.1}% 18
\BOOKMARK [2][-]{subsection.3.0.6}{\376\377\0003\000.\0000\000.\0006\000\040\0000\0000\0001\000.\0001\000\040\142\020\176\351\137\125\121\145}{subsection.3.0.1}% 19
\BOOKMARK [2][-]{subsection.3.0.7}{\376\377\0003\000.\0000\000.\0007\000\040\0000\0000\0001\000.\0002\000\040\142\020\176\351\147\345\213\342}{subsection.3.0.1}% 20
\BOOKMARK [2][-]{subsection.3.0.8}{\376\377\0003\000.\0000\000.\0008\000\040\0000\0000\0001\000.\0002\000\040\142\020\176\351\176\337\213\241\124\214\214\003\145\164}{subsection.3.0.1}% 21
\BOOKMARK [2][-]{subsection.3.0.9}{\376\377\0003\000.\0000\000.\0009\000\040\0000\0000\0002\000.\0001\000\040\215\104\156\220\116\012\117\040}{subsection.3.0.1}% 22
\BOOKMARK [2][-]{subsection.3.0.10}{\376\377\0003\000.\0000\000.\0001\0000\000\040\0000\0000\0002\000.\0002\000\040\215\104\156\220\116\013\217\175\116\016\155\117\211\310}{subsection.3.0.1}% 23
\BOOKMARK [2][-]{subsection.3.0.11}{\376\377\0003\000.\0000\000.\0001\0001\000\040\0000\0000\0003\000.\0001\000\040\145\260\136\372\145\345\172\013}{subsection.3.0.1}% 24
\BOOKMARK [2][-]{subsection.3.0.12}{\376\377\0003\000.\0000\000.\0001\0002\000\040\0000\0000\0003\000.\0002\000\040\145\345\172\013\146\076\171\072\116\016\143\320\221\222}{subsection.3.0.1}% 25
\BOOKMARK [2][-]{subsection.3.0.13}{\376\377\0003\000.\0000\000.\0001\0003\000\040\0000\0000\0004\000.\0001\000\040\145\260\136\372\116\073\230\230}{subsection.3.0.1}% 26
\BOOKMARK [2][-]{subsection.3.0.14}{\376\377\0003\000.\0000\000.\0001\0004\000\040\0000\0000\0004\000.\0002\000\040\126\336\131\015}{subsection.3.0.1}% 27
\BOOKMARK [2][-]{subsection.3.0.15}{\376\377\0003\000.\0000\000.\0001\0005\000\040\0000\0000\0007\000.\0001\000\040\145\260\136\372\123\132\145\207}{subsection.3.0.1}% 28
\BOOKMARK [2][-]{subsection.3.0.16}{\376\377\0003\000.\0000\000.\0001\0006\000\040\0000\0000\0007\000.\0002\000\040\213\304\213\272}{subsection.3.0.1}% 29
\BOOKMARK [2][-]{subsection.3.0.17}{\376\377\0003\000.\0000\000.\0001\0007\000\040\0000\0000\0005\000\040\213\376\172\013\143\222\136\003}{subsection.3.0.1}% 30
\BOOKMARK [0][]{chapter.4}{\376\377\173\054\0004\172\340\000\040\000\040\140\073\117\123\213\276\213\241\176\246\147\137}{}% 31
\BOOKMARK [1][-]{section.4.1}{\376\377\0004\000.\0001\000\040\150\007\121\306\173\046\124\010\140\047}{chapter.4}% 32
\BOOKMARK [1][-]{section.4.2}{\376\377\0004\000.\0002\000\040\170\154\116\366\176\246\147\137}{chapter.4}% 33
\BOOKMARK [1][-]{section.4.3}{\376\377\0004\000.\0003\000\040\142\200\147\057\226\120\122\066}{chapter.4}% 34
\BOOKMARK [0][]{chapter.5}{\376\377\173\054\0005\172\340\000\040\000\040\217\157\116\366\215\050\221\317\162\171\140\047}{}% 35
\BOOKMARK [0][]{chapter.6}{\376\377\173\054\0006\172\340\000\040\000\040\121\166\116\326\227\000\154\102}{}% 36
\BOOKMARK [1][-]{section.6.1}{\376\377\0006\000.\0001\000\040\145\160\143\156\136\223}{chapter.6}% 37
\BOOKMARK [1][-]{section.6.2}{\376\377\0006\000.\0002\000\040\144\315\117\134}{chapter.6}% 38
\BOOKMARK [1][-]{section.6.3}{\376\377\0006\000.\0003\000\040\147\054\127\060\123\026}{chapter.6}% 39
\BOOKMARK [0][]{chapter.7}{\376\377\173\054\0007\172\340\000\040\000\040\117\235\215\126\121\163\174\373}{}% 40
\BOOKMARK [0][]{chapter.8}{\376\377\173\054\0008\172\340\000\040\000\040\227\000\154\102\122\006\176\247}{}% 41
\BOOKMARK [0][]{chapter.9}{\376\377\173\054\0009\172\340\000\040\000\040\137\205\170\156\133\232\225\356\230\230}{}% 42
\BOOKMARK [0][]{chapter.10}{\376\377\173\054\0001\0000\172\340\000\040\000\040\000L\000a\000t\000e\000x\117\177\165\050\117\213\133\120}{}% 43
\BOOKMARK [1][-]{section.10.1}{\376\377\0001\0000\000.\0001\000\040\126\376}{chapter.10}% 44
\BOOKMARK [2][-]{subsection.10.1.1}{\376\377\0001\0000\000.\0001\000.\0001\000\040\171\072\117\213}{section.10.1}% 45
\BOOKMARK [2][-]{subsection.10.1.2}{\376\377\0001\0000\000.\0001\000.\0002\000\040\136\046\126\376\154\350\166\204\126\376}{section.10.1}% 46
\BOOKMARK [1][-]{section.10.2}{\376\377\0001\0000\000.\0002\000\040\210\150\150\074}{chapter.10}% 47
\BOOKMARK [2][-]{subsection.10.2.1}{\376\377\0001\0000\000.\0002\000.\0001\000\040\000A\000\040\000S\000i\000m\000p\000l\000e\000\040\000T\000a\000b\000l\000e}{section.10.2}% 48
\BOOKMARK [2][-]{subsection.10.2.2}{\376\377\0001\0000\000.\0002\000.\0002\000\040\225\177\210\150\150\074}{section.10.2}% 49
\BOOKMARK [1][-]{section.10.3}{\376\377\0001\0000\000.\0003\000\040\173\227\154\325\163\257\130\203}{chapter.10}% 50
\BOOKMARK [1][-]{section.10.4}{\376\377\0001\0000\000.\0004\000\040\116\343\170\001\163\257\130\203}{chapter.10}% 51
\BOOKMARK [1][-]{section.10.5}{\376\377\0001\0000\000.\0005\000\040\137\025\165\050\145\207\163\056\150\007\154\350}{chapter.10}% 52
\BOOKMARK [2][-]{subsection.10.5.1}{\376\377\0001\0000\000.\0005\000.\0001\000\040\204\127\200\005\000-\121\372\162\110\136\164\122\066\150\007\154\350\154\325}{section.10.5}% 53
\BOOKMARK [2][-]{subsection.10.5.2}{\376\377\0001\0000\000.\0005\000.\0002\000\040\230\172\136\217\177\026\170\001\122\066\150\007\154\350\154\325}{section.10.5}% 54
\BOOKMARK [2][-]{subsection.10.5.3}{\376\377\0001\0000\000.\0005\000.\0003\000\040\121\166\116\326\137\142\137\017\166\204\150\007\154\350}{section.10.5}% 55
\BOOKMARK [0][]{chapter*.13}{\376\377\123\302\200\003\145\207\163\056}{}% 56
\BOOKMARK [0][]{appendix.A}{\376\377\226\104\137\125\000\040\000A\000\040\000\040\123\357\210\114\140\047\122\006\147\220\176\323\147\234}{}% 57
\BOOKMARK [0][]{appendix.B}{\376\377\226\104\137\125\000\040\000B\000\040\000\040\227\000\154\102\136\372\152\041\000\040}{}% 58
\BOOKMARK [1][-]{section.B.1}{\376\377\000B\000.\0001\000\040\145\160\143\156\155\101\126\376}{appendix.B}% 59
\BOOKMARK [2][-]{subsection.B.1.1}{\376\377\000B\000.\0001\000.\0001\000\040\230\166\134\102\145\160\143\156\155\101\126\376}{section.B.1}% 60
\BOOKMARK [2][-]{subsection.B.1.2}{\376\377\000B\000.\0001\000.\0002\000\040\134\102\145\160\143\156\155\101\126\376}{section.B.1}% 61
\BOOKMARK [2][-]{subsection.B.1.3}{\376\377\000B\000.\0001\000.\0003\000\040\134\102\145\160\143\156\155\101\126\376}{section.B.1}% 62
\BOOKMARK [1][-]{section.B.2}{\376\377\000B\000.\0002\000\040\145\160\143\156\133\127\121\170}{appendix.B}% 63
\BOOKMARK [2][-]{subsection.B.2.1}{\376\377\000B\000.\0002\000.\0001\000\040\145\160\143\156\155\101\213\364\146\016}{section.B.2}% 64
\BOOKMARK [2][-]{subsection.B.2.2}{\376\377\000B\000.\0002\000.\0002\000\040\145\160\143\156\133\130\120\250\213\364\146\016}{section.B.2}% 65
\BOOKMARK [2][-]{subsection.B.2.3}{\376\377\000B\000.\0002\000.\0003\000\040\122\240\135\345\213\364\146\016}{section.B.2}% 66
